0 info it worked if it ends with ok
1 verbose cli [ 'E:\\nodejs\\node.exe',
1 verbose cli   'C:\\Users\\Administrator\\AppData\\Roaming\\npm\\node_modules\\cnpm\\node_modules\\npm\\bin\\npm-cli.js',
1 verbose cli   '--userconfig=C:\\Users\\Administrator\\.cnpmrc',
1 verbose cli   '--disturl=https://npm.taobao.org/mirrors/node',
1 verbose cli   '--registry=https://registry.npm.taobao.org',
1 verbose cli   'start' ]
2 info using npm@3.10.5
3 info using node@v6.9.1
4 verbose run-script [ 'prestart', 'start', 'poststart' ]
5 info lifecycle webblog@0.0.0~prestart: webblog@0.0.0
6 silly lifecycle webblog@0.0.0~prestart: no script for prestart, continuing
7 info lifecycle webblog@0.0.0~start: webblog@0.0.0
8 verbose lifecycle webblog@0.0.0~start: unsafe-perm in lifecycle true
9 verbose lifecycle webblog@0.0.0~start: PATH: C:\Users\Administrator\AppData\Roaming\npm\node_modules\cnpm\node_modules\npm\bin\node-gyp-bin;E:\workspace\webblog\node_modules\.bin;E:\nodejs;C:\Users\Administrator\bin;F:\Program Files\Git\mingw64\bin;F:\Program Files\Git\usr\local\bin;F:\Program Files\Git\usr\bin;F:\Program Files\Git\usr\bin;F:\Program Files\Git\mingw64\bin;F:\Program Files\Git\usr\bin;C:\Users\Administrator\bin;D:\python\Scripts;D:\python;C:\ProgramData\Oracle\Java\javapath;C:\Windows\system32;C:\Windows;C:\Windows\System32\Wbem;C:\Windows\System32\WindowsPowerShell\v1.0;C:\Program Files (x86)\Common Files\microsoft shared\TigerKin;C:\Program Files (x86)\NVIDIA Corporation\PhysX\Common;C:\Program Files (x86)\Common Files\microsoft shared\TigerKin;E:\Program Files\Java\jdk1.8.0_77\bin;E:\Program Files\Java\jdk1.8.0_77\jre\bin;D:\Program Files\VisualSVN Server\bin;F:\Program Files\TortoiseSVN\bin;F:\Program Files\Git\cmd;F:\sln\mysql-5.7.13-winx64\bin;E:\nodejs;D:\python\Scripts;D:\python;C:\Users\Administrator\AppData\Roaming\搜狐影音\5.0.3.26;C:\Users\Administrator\AppData\Roaming\npm;F:\Program Files\Git\usr\bin\vendor_perl;F:\Program Files\Git\usr\bin\core_perl
10 verbose lifecycle webblog@0.0.0~start: CWD: E:\workspace\webblog
11 silly lifecycle webblog@0.0.0~start: Args: [ '/d /s /c', 'node ./bin/www' ]
12 silly lifecycle webblog@0.0.0~start: Returned: code: 1  signal: null
13 info lifecycle webblog@0.0.0~start: Failed to exec start script
14 verbose stack Error: webblog@0.0.0 start: `node ./bin/www`
14 verbose stack Exit status 1
14 verbose stack     at EventEmitter.<anonymous> (C:\Users\Administrator\AppData\Roaming\npm\node_modules\cnpm\node_modules\npm\lib\utils\lifecycle.js:242:16)
14 verbose stack     at emitTwo (events.js:106:13)
14 verbose stack     at EventEmitter.emit (events.js:191:7)
14 verbose stack     at ChildProcess.<anonymous> (C:\Users\Administrator\AppData\Roaming\npm\node_modules\cnpm\node_modules\npm\lib\utils\spawn.js:40:14)
14 verbose stack     at emitTwo (events.js:106:13)
14 verbose stack     at ChildProcess.emit (events.js:191:7)
14 verbose stack     at maybeClose (internal/child_process.js:877:16)
14 verbose stack     at Process.ChildProcess._handle.onexit (internal/child_process.js:226:5)
15 verbose pkgid webblog@0.0.0
16 verbose cwd E:\workspace\webblog
17 error Windows_NT 6.1.7601
18 error argv "E:\\nodejs\\node.exe" "C:\\Users\\Administrator\\AppData\\Roaming\\npm\\node_modules\\cnpm\\node_modules\\npm\\bin\\npm-cli.js" "--userconfig=C:\\Users\\Administrator\\.cnpmrc" "--disturl=https://npm.taobao.org/mirrors/node" "--registry=https://registry.npm.taobao.org" "start"
19 error node v6.9.1
20 error npm  v3.10.5
21 error code ELIFECYCLE
22 error webblog@0.0.0 start: `node ./bin/www`
22 error Exit status 1
23 error Failed at the webblog@0.0.0 start script 'node ./bin/www'.
23 error Make sure you have the latest version of node.js and npm installed.
23 error If you do, this is most likely a problem with the webblog package,
23 error not with npm itself.
23 error Tell the author that this fails on your system:
23 error     node ./bin/www
23 error You can get information on how to open an issue for this project with:
23 error     npm bugs webblog
23 error Or if that isn't available, you can get their info via:
23 error     npm owner ls webblog
23 error There is likely additional logging output above.
24 verbose exit [ 1, true ]
